{"timestamp":"2026-03-07T06:30:48.219042Z","level":"info","event":"DAG bundles loaded: dags-folder, example_dags","logger":"airflow.dag_processing.bundles.manager.DagBundlesManager","filename":"manager.py","lineno":179}
{"timestamp":"2026-03-07T06:30:48.267018Z","level":"info","event":"Filling up the DagBag from /opt/airflow/dags/etl_pipeline/dag_etl.py","logger":"airflow.models.dagbag.BundleDagBag","filename":"dagbag.py","lineno":593}
{"timestamp":"2026-03-07T06:30:49.786980Z","level":"warning","event":"The `airflow.operators.python.PythonOperator` attribute is deprecated. Please use `'airflow.providers.standard.operators.python.PythonOperator'`.","category":"DeprecatedImportWarning","filename":"/opt/airflow/dags/etl_pipeline/dag_etl.py","lineno":7,"logger":"py.warnings"}
{"timestamp":"2026-03-07T06:30:50.009813Z","level":"info","event":"Task instance is in running state","logger":"task.stdout"}
{"timestamp":"2026-03-07T06:30:50.010569Z","level":"info","event":" Previous state of the Task instance: TaskInstanceState.QUEUED","logger":"task.stdout"}
{"timestamp":"2026-03-07T06:30:50.011217Z","level":"info","event":"Current task name:transform_data","logger":"task.stdout"}
{"timestamp":"2026-03-07T06:30:50.011794Z","level":"info","event":"Dag name:etl_kaggle_pipeline","logger":"task.stdout"}
{"timestamp":"2026-03-07T06:31:02.557818Z","level":"info","event":"ATM IV Sample:","logger":"task.stdout"}
{"timestamp":"2026-03-07T06:31:02.595458Z","level":"info","event":"                     time  STRIKE     C_IV     P_IV","logger":"task.stdout"}
{"timestamp":"2026-03-07T06:31:02.596286Z","level":"info","event":"76    2020-03-06 14:30:10   293.0  0.63459  0.32198","logger":"task.stdout"}
{"timestamp":"2026-03-07T06:31:02.597762Z","level":"info","event":"4934  2020-03-06 14:35:00   293.0  0.63035  0.32799","logger":"task.stdout"}
{"timestamp":"2026-03-07T06:31:02.600288Z","level":"info","event":"9793  2020-03-06 14:40:00   294.0  0.59915  0.27916","logger":"task.stdout"}
{"timestamp":"2026-03-07T06:31:02.602376Z","level":"info","event":"14824 2020-03-06 14:45:00   294.0  0.51576  0.41102","logger":"task.stdout"}
{"timestamp":"2026-03-07T06:31:02.603255Z","level":"info","event":"19507 2020-03-06 14:50:00   292.5  0.64323  0.29242","logger":"task.stdout"}
{"timestamp":"2026-03-07T06:31:02.637467Z","level":"info","event":"","logger":"task.stdout"}
{"timestamp":"2026-03-07T06:31:02.641208Z","level":"info","event":"Put Call Ratio: 1.1912393981104228","logger":"task.stdout"}
{"timestamp":"2026-03-07T06:31:02.724952Z","level":"info","event":"","logger":"task.stdout"}
{"timestamp":"2026-03-07T06:31:02.726574Z","level":"info","event":"Most Active Strikes:","logger":"task.stdout"}
{"timestamp":"2026-03-07T06:31:02.728571Z","level":"info","event":"STRIKE","logger":"task.stdout"}
{"timestamp":"2026-03-07T06:31:02.729433Z","level":"info","event":"297.0    164362.0","logger":"task.stdout"}
{"timestamp":"2026-03-07T06:31:02.733861Z","level":"info","event":"300.0    161205.0","logger":"task.stdout"}
{"timestamp":"2026-03-07T06:31:02.734822Z","level":"info","event":"305.0    143117.0","logger":"task.stdout"}
{"timestamp":"2026-03-07T06:31:02.735780Z","level":"info","event":"275.0    141508.0","logger":"task.stdout"}
{"timestamp":"2026-03-07T06:31:02.736462Z","level":"info","event":"320.0    136612.0","logger":"task.stdout"}
{"timestamp":"2026-03-07T06:31:02.737339Z","level":"info","event":"296.0    135442.0","logger":"task.stdout"}
{"timestamp":"2026-03-07T06:31:02.738237Z","level":"info","event":"298.0    133900.0","logger":"task.stdout"}
{"timestamp":"2026-03-07T06:31:02.739235Z","level":"info","event":"304.0    133427.0","logger":"task.stdout"}
{"timestamp":"2026-03-07T06:31:02.740106Z","level":"info","event":"293.0    132289.0","logger":"task.stdout"}
{"timestamp":"2026-03-07T06:31:02.745820Z","level":"info","event":"301.0    128274.0","logger":"task.stdout"}
{"timestamp":"2026-03-07T06:31:02.746919Z","level":"info","event":"Name: total_volume, dtype: float64","logger":"task.stdout"}
{"timestamp":"2026-03-07T06:31:02.777691Z","level":"info","event":"Done. Returned value was: None","logger":"airflow.task.operators.airflow.providers.standard.operators.python.PythonOperator","filename":"python.py","lineno":230}
{"timestamp":"2026-03-07T06:31:02.879164Z","level":"info","event":"Task instance in success state","logger":"task.stdout"}
{"timestamp":"2026-03-07T06:31:02.881711Z","level":"info","event":" Previous state of the Task instance: TaskInstanceState.RUNNING","logger":"task.stdout"}
{"timestamp":"2026-03-07T06:31:02.889839Z","level":"info","event":"Task operator:<Task(PythonOperator): transform_data>","logger":"task.stdout"}
